# JRE version: Java(TM) SE Runtime Environment (14.0.1+7) (build 14.0.1+7)
# Java VM: Java HotSpot(TM) 64-Bit Server VM (14.0.1+7, mixed mode, sharing, tiered, compressed oops, g1 gc, windows-amd64)
Heap:
 garbage-first heap   total 315392K, used 13437K [0x0000000701c00000, 0x0000000800000000)
  region size 1024K, 7 young (7168K), 7 survivors (7168K)
 Metaspace       used 19886K, capacity 20647K, committed 20736K, reserved 1073152K
  class space    used 2749K, capacity 3046K, committed 3072K, reserved 1048576K
GC Heap History (9 events):
Event: 0.546 GC heap before
{Heap before GC invocations=0 (full 0):
 garbage-first heap   total 262144K, used 13312K [0x0000000701c00000, 0x0000000800000000)
  region size 1024K, 13 young (13312K), 0 survivors (0K)
 Metaspace       used 5101K, capacity 5447K, committed 5632K, reserved 1056768K
  class space    used 628K, capacity 719K, committed 768K, reserved 1048576K
}
Event: 0.551 GC heap after
{Heap after GC invocations=1 (full 0):
 garbage-first heap   total 262144K, used 6773K [0x0000000701c00000, 0x0000000800000000)
  region size 1024K, 2 young (2048K), 2 survivors (2048K)
 Metaspace       used 5101K, capacity 5447K, committed 5632K, reserved 1056768K
  class space    used 628K, capacity 719K, committed 768K, reserved 1048576K
}
Event: 0.685 GC heap before
{Heap before GC invocations=1 (full 0):
 garbage-first heap   total 262144K, used 19061K [0x0000000701c00000, 0x0000000800000000)
  region size 1024K, 14 young (14336K), 2 survivors (2048K)
 Metaspace       used 7122K, capacity 7428K, committed 7552K, reserved 1056768K
  class space    used 912K, capacity 1037K, committed 1152K, reserved 1048576K
}
Event: 0.688 GC heap after
{Heap after GC invocations=2 (full 0):
 garbage-first heap   total 262144K, used 7921K [0x0000000701c00000, 0x0000000800000000)
  region size 1024K, 1 young (1024K), 1 survivors (1024K)
 Metaspace       used 7122K, capacity 7428K, committed 7552K, reserved 1056768K
  class space    used 912K, capacity 1037K, committed 1152K, reserved 1048576K
}
Event: 0.821 GC heap before
{Heap before GC invocations=2 (full 0):
 garbage-first heap   total 262144K, used 29425K [0x0000000701c00000, 0x0000000800000000)
  region size 1024K, 23 young (23552K), 1 survivors (1024K)
 Metaspace       used 10413K, capacity 10853K, committed 10880K, reserved 1058816K
  class space    used 1474K, capacity 1650K, committed 1664K, reserved 1048576K
}
Event: 0.824 GC heap after
{Heap after GC invocations=3 (full 0):
 garbage-first heap   total 262144K, used 8889K [0x0000000701c00000, 0x0000000800000000)
  region size 1024K, 2 young (2048K), 2 survivors (2048K)
 Metaspace       used 10413K, capacity 10853K, committed 10880K, reserved 1058816K
  class space    used 1474K, capacity 1650K, committed 1664K, reserved 1048576K
}
Event: 1.389 GC heap before
{Heap before GC invocations=3 (full 0):
 garbage-first heap   total 262144K, used 92857K [0x0000000701c00000, 0x0000000800000000)
  region size 1024K, 85 young (87040K), 2 survivors (2048K)
 Metaspace       used 17272K, capacity 17947K, committed 18048K, reserved 1064960K
  class space    used 2385K, capacity 2644K, committed 2688K, reserved 1048576K
}
Event: 1.395 GC heap after
{Heap after GC invocations=4 (full 0):
 garbage-first heap   total 262144K, used 11727K [0x0000000701c00000, 0x0000000800000000)
  region size 1024K, 5 young (5120K), 5 survivors (5120K)
 Metaspace       used 17272K, capacity 17947K, committed 18048K, reserved 1064960K
  class space    used 2385K, capacity 2644K, committed 2688K, reserved 1048576K
}
Event: 1.838 GC heap before
{Heap before GC invocations=4 (full 0):
 garbage-first heap   total 262144K, used 65999K [0x0000000701c00000, 0x0000000800000000)
  region size 1024K, 60 young (61440K), 5 survivors (5120K)
 Metaspace       used 19886K, capacity 20647K, committed 20736K, reserved 1073152K
  class space    used 2749K, capacity 3046K, committed 3072K, reserved 1048576K
}

