# JRE version: Java(TM) SE Runtime Environment (14.0.1+7) (build 14.0.1+7)
# Java VM: Java HotSpot(TM) 64-Bit Server VM (14.0.1+7, mixed mode, sharing, tiered, compressed oops, g1 gc, windows-amd64)
Heap:
 garbage-first heap   total 262144K, used 62796K [0x0000000701c00000, 0x0000000800000000)
  region size 1024K, 53 young (54272K), 0 survivors (0K)
 Metaspace       used 17313K, capacity 17980K, committed 18048K, reserved 1071104K
  class space    used 2405K, capacity 2677K, committed 2688K, reserved 1048576K
GC Heap History (7 events):
Event: 0.667 GC heap before
{Heap before GC invocations=0 (full 0):
 garbage-first heap   total 262144K, used 14336K [0x0000000701c00000, 0x0000000800000000)
  region size 1024K, 13 young (13312K), 0 survivors (0K)
 Metaspace       used 5093K, capacity 5447K, committed 5632K, reserved 1056768K
  class space    used 627K, capacity 719K, committed 768K, reserved 1048576K
}
Event: 0.671 GC heap after
{Heap after GC invocations=1 (full 0):
 garbage-first heap   total 262144K, used 7034K [0x0000000701c00000, 0x0000000800000000)
  region size 1024K, 2 young (2048K), 2 survivors (2048K)
 Metaspace       used 5093K, capacity 5447K, committed 5632K, reserved 1056768K
  class space    used 627K, capacity 719K, committed 768K, reserved 1048576K
}
Event: 0.790 GC heap before
{Heap before GC invocations=1 (full 0):
 garbage-first heap   total 262144K, used 18298K [0x0000000701c00000, 0x0000000800000000)
  region size 1024K, 13 young (13312K), 2 survivors (2048K)
 Metaspace       used 6897K, capacity 7262K, committed 7424K, reserved 1056768K
  class space    used 880K, capacity 1003K, committed 1024K, reserved 1048576K
}
Event: 0.793 GC heap after
{Heap after GC invocations=2 (full 0):
 garbage-first heap   total 262144K, used 8015K [0x0000000701c00000, 0x0000000800000000)
  region size 1024K, 1 young (1024K), 1 survivors (1024K)
 Metaspace       used 6897K, capacity 7262K, committed 7424K, reserved 1056768K
  class space    used 880K, capacity 1003K, committed 1024K, reserved 1048576K
}
Event: 0.928 GC heap before
{Heap before GC invocations=2 (full 0):
 garbage-first heap   total 262144K, used 28495K [0x0000000701c00000, 0x0000000800000000)
  region size 1024K, 22 young (22528K), 1 survivors (1024K)
 Metaspace       used 10156K, capacity 10567K, committed 10880K, reserved 1058816K
  class space    used 1413K, capacity 1576K, committed 1664K, reserved 1048576K
}
Event: 0.931 GC heap after
{Heap after GC invocations=3 (full 0):
 garbage-first heap   total 262144K, used 9030K [0x0000000701c00000, 0x0000000800000000)
  region size 1024K, 2 young (2048K), 2 survivors (2048K)
 Metaspace       used 10156K, capacity 10567K, committed 10880K, reserved 1058816K
  class space    used 1413K, capacity 1576K, committed 1664K, reserved 1048576K
}
Event: 1.383 GC heap before
{Heap before GC invocations=3 (full 0):
 garbage-first heap   total 262144K, used 62278K [0x0000000701c00000, 0x0000000800000000)
  region size 1024K, 55 young (56320K), 2 survivors (2048K)
 Metaspace       used 17313K, capacity 17980K, committed 18048K, reserved 1071104K
  class space    used 2405K, capacity 2677K, committed 2688K, reserved 1048576K
}

