# JRE version: Java(TM) SE Runtime Environment (14.0.1+7) (build 14.0.1+7)
# Java VM: Java HotSpot(TM) 64-Bit Server VM (14.0.1+7, mixed mode, sharing, tiered, compressed oops, g1 gc, windows-amd64)
Heap:
 garbage-first heap   total 262144K, used 61392K [0x0000000701c00000, 0x0000000800000000)
  region size 1024K, 54 young (55296K), 2 survivors (2048K)
 Metaspace       used 17309K, capacity 17947K, committed 18048K, reserved 1064960K
  class space    used 2403K, capacity 2645K, committed 2688K, reserved 1048576K
GC Heap History (6 events):
Event: 0.683 GC heap before
{Heap before GC invocations=0 (full 0):
 garbage-first heap   total 262144K, used 14336K [0x0000000701c00000, 0x0000000800000000)
  region size 1024K, 13 young (13312K), 0 survivors (0K)
 Metaspace       used 5078K, capacity 5447K, committed 5632K, reserved 1056768K
  class space    used 628K, capacity 719K, committed 768K, reserved 1048576K
}
Event: 0.689 GC heap after
{Heap after GC invocations=1 (full 0):
 garbage-first heap   total 262144K, used 7375K [0x0000000701c00000, 0x0000000800000000)
  region size 1024K, 2 young (2048K), 2 survivors (2048K)
 Metaspace       used 5078K, capacity 5447K, committed 5632K, reserved 1056768K
  class space    used 628K, capacity 719K, committed 768K, reserved 1048576K
}
Event: 0.829 GC heap before
{Heap before GC invocations=1 (full 0):
 garbage-first heap   total 262144K, used 18639K [0x0000000701c00000, 0x0000000800000000)
  region size 1024K, 13 young (13312K), 2 survivors (2048K)
 Metaspace       used 6882K, capacity 7134K, committed 7168K, reserved 1056768K
  class space    used 879K, capacity 1003K, committed 1024K, reserved 1048576K
}
Event: 0.832 GC heap after
{Heap after GC invocations=2 (full 0):
 garbage-first heap   total 262144K, used 8001K [0x0000000701c00000, 0x0000000800000000)
  region size 1024K, 1 young (1024K), 1 survivors (1024K)
 Metaspace       used 6882K, capacity 7134K, committed 7168K, reserved 1056768K
  class space    used 879K, capacity 1003K, committed 1024K, reserved 1048576K
}
Event: 1.018 GC heap before
{Heap before GC invocations=2 (full 0):
 garbage-first heap   total 262144K, used 30529K [0x0000000701c00000, 0x0000000800000000)
  region size 1024K, 23 young (23552K), 1 survivors (1024K)
 Metaspace       used 10374K, capacity 10800K, committed 10880K, reserved 1058816K
  class space    used 1428K, capacity 1589K, committed 1664K, reserved 1048576K
}
Event: 1.020 GC heap after
{Heap after GC invocations=3 (full 0):
 garbage-first heap   total 262144K, used 9168K [0x0000000701c00000, 0x0000000800000000)
  region size 1024K, 2 young (2048K), 2 survivors (2048K)
 Metaspace       used 10374K, capacity 10800K, committed 10880K, reserved 1058816K
  class space    used 1428K, capacity 1589K, committed 1664K, reserved 1048576K
}

